<?xml version="1.0" encoding="UTF-8"?>
<testsuite name="com.adventure.sprint2.S2M1Test" tests="2" skipped="0" failures="0" errors="0" timestamp="2021-10-07T19:03:23" hostname="Amandas-MBP.lan" time="0.032">
  <properties/>
  <testcase name="canOpenDoor()" classname="com.adventure.sprint2.S2M1Test" time="0.027"/>
  <testcase name="setName()" classname="com.adventure.sprint2.S2M1Test" time="0.004"/>
  <system-out><![CDATA[]]></system-out>
  <system-err><![CDATA[]]></system-err>
</testsuite>
