<?xml version="1.0" encoding="UTF-8"?>
<testsuite name="com.adventure.sprint3.S3M4Test" tests="1" skipped="0" failures="0" errors="0" timestamp="2021-10-18T15:44:14" hostname="Amandas-MBP.lan" time="0.035">
  <properties/>
  <testcase name="testInvalidVerbException()" classname="com.adventure.sprint3.S3M4Test" time="0.035"/>
  <system-out><![CDATA[]]></system-out>
  <system-err><![CDATA[]]></system-err>
</testsuite>
